#
# There is insufficient memory for the Java Runtime Environment to continue.
# Native memory allocation (malloc) failed to allocate 1048576 bytes for AllocateHeap
# Possible reasons:
#   The system is out of physical RAM or swap space
#   The process is running with CompressedOops enabled, and the Java Heap may be blocking the growth of the native heap
# Possible solutions:
#   Reduce memory load on the system
#   Increase physical memory or swap space
#   Check if swap backing store is full
#   Decrease Java heap size (-Xmx/-Xms)
#   Decrease number of Java threads
#   Decrease Java thread stack sizes (-Xss)
#   Set larger code cache with -XX:ReservedCodeCacheSize=
#   JVM is running with Unscaled Compressed Oops mode in which the Java heap is
#     placed in the first 4GB address space. The Java Heap base address is the
#     maximum limit for the native heap growth. Please use -XX:HeapBaseMinAddress
#     to set the Java Heap base and to place the Java Heap above 4GB virtual address.
# This output file may be truncated or incomplete.
#
#  Out of Memory Error (memory/allocation.inline.hpp:61), pid=29516, tid=0x0000000000003fe0
#
# JRE version:  (8.0_271-b09) (build )
# Java VM: Java HotSpot(TM) 64-Bit Server VM (25.271-b09 mixed mode windows-amd64 compressed oops)
# Failed to write core dump. Minidumps are not enabled by default on client versions of Windows
#

---------------  T H R E A D  ---------------

Current thread (0x0000023604923000):  JavaThread "Unknown thread" [_thread_in_vm, id=16352, stack(0x0000007d89b00000,0x0000007d89c00000)]

Stack: [0x0000007d89b00000,0x0000007d89c00000]
Native frames: (J=compiled Java code, j=interpreted, Vv=VM code, C=native code)
V  [jvm.dll+0x33f6c9]
V  [jvm.dll+0x286122]
V  [jvm.dll+0x286dcd]
V  [jvm.dll+0x27d805]
V  [jvm.dll+0x1565d]
V  [jvm.dll+0x3da1f7]
V  [jvm.dll+0x3d6637]
V  [jvm.dll+0x10cfff]
V  [jvm.dll+0x21ab2b]
V  [jvm.dll+0x2494e7]
V  [jvm.dll+0x172a76]
C  [javaw.exe+0x2322]
C  [javaw.exe+0x16544]
C  [KERNEL32.DLL+0x17034]
C  [ntdll.dll+0x52651]


---------------  P R O C E S S  ---------------

Java Threads: ( => current thread )

Other Threads:

=>0x0000023604923000 (exited) JavaThread "Unknown thread" [_thread_in_vm, id=16352, stack(0x0000007d89b00000,0x0000007d89c00000)]

VM state:not at safepoint (normal execution)

VM Mutex/Monitor currently owned by a thread: None

heap address: 0x0000000081c00000, size: 2020 MB, Compressed Oops mode: 32-bit
Narrow klass base: 0x0000000000000000, Narrow klass shift: 3
Compressed class space size: 1073741824 Address: 0x0000000100000000

Heap:
 PSYoungGen      total 38400K, used 665K [0x00000000d5f00000, 0x00000000d8980000, 0x0000000100000000)
  eden space 33280K, 2% used [0x00000000d5f00000,0x00000000d5fa6670,0x00000000d7f80000)
  from space 5120K, 0% used [0x00000000d8480000,0x00000000d8480000,0x00000000d8980000)
  to   space 5120K, 0% used [0x00000000d7f80000,0x00000000d7f80000,0x00000000d8480000)
 ParOldGen       total 87552K, used 0K [0x0000000081c00000, 0x0000000087180000, 0x00000000d5f00000)
  object space 87552K, 0% used [0x0000000081c00000,0x0000000081c00000,0x0000000087180000)
 Metaspace       used 776K, capacity 4480K, committed 4480K, reserved 1056768K
  class space    used 76K, capacity 384K, committed 384K, reserved 1048576K

Card table byte_map: [0x0000023615590000,0x0000023615990000] byte_map_base: 0x0000023615182000

Marking Bits: (ParMarkBitMap*) 0x0000000069cc7fe0
 Begin Bits: [0x0000023615c40000, 0x0000023617bd0000)
 End Bits:   [0x0000023617bd0000, 0x0000023619b60000)

Polling page: 0x00000236061a0000

CodeCache: size=245760Kb used=328Kb max_used=328Kb free=245431Kb
 bounds [0x00000236061d0000, 0x0000023606440000, 0x00000236151d0000]
 total_blobs=58 nmethods=0 adapters=38
 compilation: enabled

Compilation events (0 events):
No events

GC Heap History (0 events):
No events

Deoptimization events (0 events):
No events

Classes redefined (0 events):
No events

Internal exceptions (0 events):
No events

Events (10 events):
Event: 0.033 loading class java/lang/Short
Event: 0.033 loading class java/lang/Short done
Event: 0.033 loading class java/lang/Integer
Event: 0.034 loading class java/lang/Integer done
Event: 0.034 loading class java/lang/Long
Event: 0.034 loading class java/lang/Long done
Event: 0.034 loading class java/lang/NullPointerException
Event: 0.034 loading class java/lang/NullPointerException done
Event: 0.034 loading class java/lang/ArithmeticException
Event: 0.034 loading class java/lang/ArithmeticException done


Dynamic libraries:
0x00007ff6596c0000 - 0x00007ff659707000 	C:\Program Files\Java\jdk1.8.0_271\bin\javaw.exe
0x00007ffcb4930000 - 0x00007ffcb4b25000 	C:\WINDOWS\SYSTEM32\ntdll.dll
0x00007ffcb4180000 - 0x00007ffcb423d000 	C:\WINDOWS\System32\KERNEL32.DLL
0x00007ffcb25d0000 - 0x00007ffcb2899000 	C:\WINDOWS\System32\KERNELBASE.dll
0x00007ffcb3350000 - 0x00007ffcb33fc000 	C:\WINDOWS\System32\ADVAPI32.dll
0x00007ffcb37b0000 - 0x00007ffcb384e000 	C:\WINDOWS\System32\msvcrt.dll
0x00007ffcb2e10000 - 0x00007ffcb2eab000 	C:\WINDOWS\System32\sechost.dll
0x00007ffcb2bc0000 - 0x00007ffcb2cea000 	C:\WINDOWS\System32\RPCRT4.dll
0x00007ffcb2a20000 - 0x00007ffcb2bc0000 	C:\WINDOWS\System32\USER32.dll
0x00007ffcb2120000 - 0x00007ffcb2142000 	C:\WINDOWS\System32\win32u.dll
0x00007ffcb4150000 - 0x00007ffcb417a000 	C:\WINDOWS\System32\GDI32.dll
0x00007ffcb2300000 - 0x00007ffcb240b000 	C:\WINDOWS\System32\gdi32full.dll
0x00007ffcb28a0000 - 0x00007ffcb293d000 	C:\WINDOWS\System32\msvcp_win.dll
0x00007ffcb2200000 - 0x00007ffcb2300000 	C:\WINDOWS\System32\ucrtbase.dll
0x00007ffc9e350000 - 0x00007ffc9e5ea000 	C:\WINDOWS\WinSxS\amd64_microsoft.windows.common-controls_6595b64144ccf1df_6.0.19041.1110_none_60b5254171f9507e\COMCTL32.dll
0x00007ffcb3970000 - 0x00007ffcb39a0000 	C:\WINDOWS\System32\IMM32.DLL
0x00007ffcaf5c0000 - 0x00007ffcaf5d5000 	C:\Program Files\Java\jdk1.8.0_271\jre\bin\vcruntime140.dll
0x00007ffc8bee0000 - 0x00007ffc8bf7b000 	C:\Program Files\Java\jdk1.8.0_271\jre\bin\msvcp140.dll
0x00000000694d0000 - 0x0000000069d3f000 	C:\Program Files\Java\jdk1.8.0_271\jre\bin\server\jvm.dll
0x00007ffcb40e0000 - 0x00007ffcb40e8000 	C:\WINDOWS\System32\PSAPI.DLL
0x00007ffca60d0000 - 0x00007ffca60da000 	C:\WINDOWS\SYSTEM32\VERSION.dll
0x00007ffc9c010000 - 0x00007ffc9c037000 	C:\WINDOWS\SYSTEM32\WINMM.dll
0x00007ffc9cfc0000 - 0x00007ffc9cfc9000 	C:\WINDOWS\SYSTEM32\WSOCK32.dll
0x00007ffcb3530000 - 0x00007ffcb359b000 	C:\WINDOWS\System32\WS2_32.dll
0x00007ffcb08f0000 - 0x00007ffcb0902000 	C:\WINDOWS\SYSTEM32\kernel.appcore.dll
0x00007ffcad9f0000 - 0x00007ffcada00000 	C:\Program Files\Java\jdk1.8.0_271\jre\bin\verify.dll
0x00007ffcad9c0000 - 0x00007ffcad9eb000 	C:\Program Files\Java\jdk1.8.0_271\jre\bin\java.dll
0x00007ffcad9a0000 - 0x00007ffcad9b8000 	C:\Program Files\Java\jdk1.8.0_271\jre\bin\zip.dll
0x00007ffcab020000 - 0x00007ffcab204000 	C:\WINDOWS\SYSTEM32\dbghelp.dll
0x00007ffcb2090000 - 0x00007ffcb2113000 	C:\WINDOWS\System32\bcryptPrimitives.dll

VM Arguments:
jvm_args: -Dfile.encoding=Cp1252 
java_command: Edit_Work_Type
java_class_path (initial): C:\Users\krido\Desktop\TestLeaf\MavenTestLeaf\target\classes;C:\Users\krido\.m2\repository\org\seleniumhq\selenium\selenium-java\4.0.0-alpha-6\selenium-java-4.0.0-alpha-6.jar;C:\Users\krido\.m2\repository\org\seleniumhq\selenium\selenium-api\4.0.0-alpha-6\selenium-api-4.0.0-alpha-6.jar;C:\Users\krido\.m2\repository\org\seleniumhq\selenium\selenium-chrome-driver\4.0.0-alpha-6\selenium-chrome-driver-4.0.0-alpha-6.jar;C:\Users\krido\.m2\repository\com\google\auto\service\auto-service-annotations\1.0-rc6\auto-service-annotations-1.0-rc6.jar;C:\Users\krido\.m2\repository\com\google\auto\service\auto-service\1.0-rc6\auto-service-1.0-rc6.jar;C:\Users\krido\.m2\repository\com\google\auto\auto-common\0.10\auto-common-0.10.jar;C:\Users\krido\.m2\repository\com\google\guava\guava\29.0-jre\guava-29.0-jre.jar;C:\Users\krido\.m2\repository\com\google\guava\failureaccess\1.0.1\failureaccess-1.0.1.jar;C:\Users\krido\.m2\repository\com\google\guava\listenablefuture\9999.0-empty-to-avoid-conflict-with-guava\listenablefuture-9999.0-empty-to-avoid-conflict-with-guava.jar;C:\Users\krido\.m2\repository\com\google\code\findbugs\jsr305\3.0.2\jsr305-3.0.2.jar;C:\Users\krido\.m2\repository\org\checkerframework\checker-qual\2.11.1\checker-qual-2.11.1.jar;C:\Users\krido\.m2\repository\com\google\errorprone\error_prone_annotations\2.3.4\error_prone_annotations-2.3.4.jar;C:\Users\krido\.m2\repository\com\google\j2objc\j2objc-annotations\1.3\j2objc-annotations-1.3.jar;C:\Users\krido\.m2\repository\org\seleniumhq\selenium\selenium-chromium-driver\4.0.0-alpha-6\selenium-chromium-driver-4.0.0-alpha-6.jar;C:\Users\krido\.m2\repository\org\seleniumhq\selenium\selenium-devtools\4.0.0-alpha-6\selenium-devtools-4.0.0-alpha-6.jar;C:\Users\krido\.m2\repository\org\seleniumhq\selenium\selenium-http\4.0.0-alpha-6\selenium-http-4.0.0-alpha-6.jar;C:\Users\krido\.m2\repository\org\seleniumhq\selenium\selenium-json\4.0.0-alpha-6\selenium-json-4.0.0-alpha-6.jar;C:\Users\krido\.m2\repo
Launcher Type: SUN_STANDARD

Environment Variables:
JAVA_HOME=C:\Program Files\Java\jdk1.8.0_271
PATH=C:/TestLeaf/Eclipse 64 bit/Eclipse 64 bitl/eclipse//plugins/org.eclipse.justj.openjdk.hotspot.jre.full.win32.x86_64_16.0.1.v20210528-1205/jre/bin/server;C:/TestLeaf/Eclipse 64 bit/Eclipse 64 bitl/eclipse//plugins/org.eclipse.justj.openjdk.hotspot.jre.full.win32.x86_64_16.0.1.v20210528-1205/jre/bin;C:\Program Files (x86)\Common Files\Oracle\Java\javapath;C:\Program Files (x86)\Intel\iCLS Client\;C:\Program Files\Intel\iCLS Client\;C:\WINDOWS\system32;C:\WINDOWS;C:\WINDOWS\System32\Wbem;C:\WINDOWS\System32\WindowsPowerShell\v1.0\;C:\WINDOWS\System32\OpenSSH\;C:\Program Files (x86)\Intel\Intel(R) Management Engine Components\DAL;C:\Program Files\Intel\Intel(R) Management Engine Components\DAL;C:\Program Files (x86)\Intel\Intel(R) Management Engine Components\IPT;C:\Program Files\Intel\Intel(R) Management Engine Components\IPT;C:\Program Files\Intel\WiFi\bin\;C:\Program Files\Common Files\Intel\WirelessCommon\;C:\Users\krido\Desktop\apache-ant-1.10.9-bin\apache-ant-1.10.9\bin;C:\Program Files\Java\jdk1.8.0_271\bin;C:\Users\krido\Desktop\apache-maven-3.6.3-bin\apache-maven-3.6.3\bin;C:\Program Files\Java\jre1.8.0_271\bin;C:\Users\krido\AppData\Local\Microsoft\WindowsApps;;C:\Users\krido\AppData\Local\Programs\Microsoft VS Code\bin;C:\TestLeaf\Eclipse 64 bit\Eclipse 64 bitl\eclipse;
USERNAME=krido
OS=Windows_NT
PROCESSOR_IDENTIFIER=Intel64 Family 6 Model 142 Stepping 10, GenuineIntel



---------------  S Y S T E M  ---------------

OS: Windows 10.0 , 64 bit Build 19041 (10.0.19041.1151)

CPU:total 8 (initial active 8) (4 cores per cpu, 2 threads per core) family 6 model 142 stepping 10, cmov, cx8, fxsr, mmx, sse, sse2, sse3, ssse3, sse4.1, sse4.2, popcnt, avx, avx2, aes, clmul, erms, 3dnowpref, lzcnt, ht, tsc, tscinvbit, bmi1, bmi2, adx

Memory: 4k page, physical 8272676k(571196k free), swap 33438500k(5140k free)

vm_info: Java HotSpot(TM) 64-Bit Server VM (25.271-b09) for windows-amd64 JRE (1.8.0_271-b09), built on Sep 16 2020 19:14:59 by "" with MS VC++ 15.9 (VS2017)

time: Fri Sep  3 21:14:42 2021
timezone: Eastern Daylight Time
elapsed time: 0.066231 seconds (0d 0h 0m 0s)

